<?xml version="1.0" encoding="UTF-8"?>
<!-- Generated by org.testng.reporters.JUnitReportReporter -->
<testsuite skipped="0" hostname="DESKTOP-MBD2ILJ" name="com.test.FirstTestNGDemo" tests="4" failures="0" timestamp="22 Jul 2019 15:53:59 GMT" time="8.490" errors="0">
  <testcase name="canTestUnSuccessfulLogin" time="0.884" classname="com.test.FirstTestNGDemo"/>
  <testcase name="canTestNewCustomerLink" time="0.741" classname="com.test.FirstTestNGDemo"/>
  <testcase name="openURL" time="3.383" classname="com.test.FirstTestNGDemo"/>
  <testcase name="canTestSuccessfulLogin" time="3.482" classname="com.test.FirstTestNGDemo"/>
</testsuite> <!-- com.test.FirstTestNGDemo -->
