<?xml version="1.0" encoding="UTF-8"?>
<!-- Generated by org.testng.reporters.JUnitReportReporter -->
<testsuite skipped="1" hostname="DESKTOP-MBD2ILJ" name="com.test.FacebookTestCases" tests="2" failures="0" timestamp="25 Jul 2019 15:15:14 GMT" time="1.832" errors="0">
  <testcase name="openFacebookURL" time="1.832" classname="com.test.FacebookTestCases"/>
  <testcase name="changeLanguage" classname="com.test.FacebookTestCases">
    <skipped/>
  </testcase> <!-- changeLanguage -->
</testsuite> <!-- com.test.FacebookTestCases -->
