<?xml version="1.0" encoding="UTF-8"?>
<!-- Generated by org.testng.reporters.JUnitReportReporter -->
<testsuite skipped="0" hostname="DESKTOP-MBD2ILJ" name="com.test.GoogleTestCases" tests="3" failures="0" timestamp="23 Jul 2019 15:53:42 GMT" time="7.105" errors="0">
  <testcase name="openGoogleURL" time="1.377" classname="com.test.GoogleTestCases"/>
  <testcase name="searchText" time="2.146" classname="com.test.GoogleTestCases"/>
  <testcase name="clickOnFirstLink" time="3.582" classname="com.test.GoogleTestCases"/>
</testsuite> <!-- com.test.GoogleTestCases -->
