<?xml version="1.0" encoding="UTF-8"?>
<!-- Generated by org.testng.reporters.JUnitReportReporter -->
<testsuite skipped="0" hostname="DESKTOP-MBD2ILJ" name="com.test.FirstTestNGDemo" tests="4" failures="0" timestamp="23 Jul 2019 15:53:42 GMT" time="10.449" errors="0">
  <testcase name="canTestNewCustomerLink" time="1.310" classname="com.test.FirstTestNGDemo"/>
  <testcase name="openURL" time="4.140" classname="com.test.FirstTestNGDemo"/>
  <testcase name="canTestUnSuccessfulLogin" time="0.872" classname="com.test.FirstTestNGDemo"/>
  <testcase name="canTestSuccessfulLogin" time="4.127" classname="com.test.FirstTestNGDemo"/>
</testsuite> <!-- com.test.FirstTestNGDemo -->
